[0427/145438.039:ERROR:process_reader_win.cc(151)] SuspendThread: Access is denied. (0x5)
[0427/145438.070:ERROR:process_reader_win.cc(123)] NtOpenThread: {Access Denied} A process has requested access to an object, but has not been granted those access rights. (0xc0000022)
[0427/145438.133:ERROR:exception_snapshot_win.cc(98)] thread ID 66932 not found in process
[0430/093458.491:ERROR:process_info.cc(329)] VirtualQueryEx: Access is denied. (0x5)
[0430/093459.490:ERROR:process_info.cc(556)] ReadMemoryInfo failed
[0430/093459.490:ERROR:scoped_process_suspend.cc(40)] NtResumeProcess: An attempt was made to access an exiting process. (0xc000010a)
[0512/133133.551:ERROR:file_io.cc(134)] WriteFile: The pipe is being closed. (0xE8)
[0512/174420.560:ERROR:process_reader_win.cc(123)] NtOpenThread: {Access Denied} A process has requested access to an object, but has not been granted those access rights. (0xc0000022)
[0512/174420.763:ERROR:exception_snapshot_win.cc(98)] thread ID 61648 not found in process
[0512/212041.149:ERROR:process_reader_win.cc(123)] NtOpenThread: {Access Denied} A process has requested access to an object, but has not been granted those access rights. (0xc0000022)
[0512/212041.180:ERROR:process_reader_win.cc(123)] NtOpenThread: {Access Denied} A process has requested access to an object, but has not been granted those access rights. (0xc0000022)
[0512/212041.305:ERROR:exception_snapshot_win.cc(98)] thread ID 34072 not found in process
[0512/212041.305:ERROR:exception_snapshot_win.cc(98)] thread ID 34080 not found in process
[0523/225032.249:ERROR:process_reader_win.cc(123)] NtOpenThread: {Access Denied} A process has requested access to an object, but has not been granted those access rights. (0xc0000022)
[0523/225032.241:ERROR:process_reader_win.cc(123)] NtOpenThread: {Access Denied} A process has requested access to an object, but has not been granted those access rights. (0xc0000022)
[0523/225032.261:ERROR:process_reader_win.cc(123)] NtOpenThread: {Access Denied} A process has requested access to an object, but has not been granted those access rights. (0xc0000022)
[0523/225032.309:ERROR:process_reader_win.cc(123)] NtOpenThread: {Access Denied} A process has requested access to an object, but has not been granted those access rights. (0xc0000022)
[0523/225032.341:ERROR:exception_snapshot_win.cc(98)] thread ID 76760 not found in process
[0523/225032.341:ERROR:exception_snapshot_win.cc(98)] thread ID 76276 not found in process
[0523/225032.341:ERROR:exception_snapshot_win.cc(98)] thread ID 71452 not found in process
[0523/225032.345:ERROR:exception_snapshot_win.cc(98)] thread ID 62536 not found in process
[0523/225032.345:ERROR:process_reader_win.cc(123)] NtOpenThread: {Access Denied} A process has requested access to an object, but has not been granted those access rights. (0xc0000022)
[0523/225032.345:ERROR:exception_snapshot_win.cc(98)] thread ID 45568 not found in process
[0523/225032.411:ERROR:process_reader_win.cc(123)] NtOpenThread: {Access Denied} A process has requested access to an object, but has not been granted those access rights. (0xc0000022)
[0523/225032.411:ERROR:exception_snapshot_win.cc(98)] thread ID 59756 not found in process
[0523/225032.245:ERROR:process_reader_win.cc(123)] NtOpenThread: {Access Denied} A process has requested access to an object, but has not been granted those access rights. (0xc0000022)
[0523/225032.442:ERROR:exception_snapshot_win.cc(98)] thread ID 62500 not found in process
[0523/225032.504:ERROR:process_reader_win.cc(123)] NtOpenThread: {Access Denied} A process has requested access to an object, but has not been granted those access rights. (0xc0000022)
[0523/225032.504:ERROR:exception_snapshot_win.cc(98)] thread ID 2956 not found in process
[0523/225032.629:ERROR:process_reader_win.cc(123)] NtOpenThread: {Access Denied} A process has requested access to an object, but has not been granted those access rights. (0xc0000022)
[0523/225032.629:ERROR:exception_snapshot_win.cc(98)] thread ID 71824 not found in process
